---Configuration: -DAUTO_BED_LEVELING -DBABYSTEPPING -DENABLE_AUTO_BED_LEVELING -DENCODER_RATE_MULTIPLIER -DHAS_HEATER_THERMAL_PROTECTION -DMARLIN_H -DPID_DEBUG -DSDSUPPORT -DTEMP_RESIDENCY_TIME=64 -DTEMP_SENSOR_0=1 -DTHERMAL_RUNAWAY_PROTECTION_PERIOD=-1 -DULTRA_LCD,Start_Time:1511741365.43368

/tmp/ccRtYbJd.o: In function `process_commands':
2d22902.c:(.text+0x5a): undefined reference to `assert'
collect2: error: ld returned 1 exit status
/tmp/ccPbOfui.o: In function `main':
3024821.c:(.text+0x4e): undefined reference to `thermal_runaway_protection'
collect2: error: ld returned 1 exit status
53be0f3.c:1:122: fatal error: util/delay.h: No such file or directory
 #include <util/delay.h> // http://download.savannah.gnu.org/releases/avr-libc/binary-releases/ for the util/delay library
                                                                                                                          ^
compilation terminated.
831016b.c:10:2: error: #endif without #if
 #endif
  ^
2db384a.c:11:27: error: unknown type name ‘bool’
 void Config_PrintSettings(bool forReplay){
                           ^
2db384a.c: In function ‘main’:
2db384a.c:24:24: error: ‘false’ undeclared (first use in this function)
   Config_PrintSettings(false);
                        ^
2db384a.c:24:24: note: each undeclared identifier is reported only once for each function it appears in
31873ec.c: In function ‘ftostr51’:
31873ec.c:7:3: error: unknown type name ‘int16_t’
   int16_t xx=x*10;
   ^
31873ec.c:8:3: error: ‘conv’ undeclared (first use in this function)
   conv[0]=(xx>=0)?'+':'-';
   ^
31873ec.c:8:3: note: each undeclared identifier is reported only once for each function it appears in
menu multiplier item
---Test Completed, Total Time:0.571---

