2d22902.c.ctf
collect2: error: ld returned 1 exit status
3024821.c.ctf
collect2: error: ld returned 1 exit status
collect2: error: ld returned 1 exit status
53be0f3.c.ctf
collect2: error: ld returned 1 exit status
collect2: error: ld returned 1 exit status
831016b.c.ctf
collect2: error: ld returned 1 exit status
collect2: error: ld returned 1 exit status
831016b.c:10:2: error: #endif without #if
831016b.c:16:5: error: too many arguments to function ‘lcd_setstatus’
a7fc1f8.c.succes
e30bfed.c.succes
fc3c76f.c.succes
2db384a.c.ctf
collect2: error: ld returned 1 exit status
collect2: error: ld returned 1 exit status
831016b.c:10:2: error: #endif without #if
831016b.c:16:5: error: too many arguments to function ‘lcd_setstatus’
2db384a.c:24:24: error: ‘false’ undeclared (first use in this function)
31873ec.c.ctf
collect2: error: ld returned 1 exit status
collect2: error: ld returned 1 exit status
831016b.c:10:2: error: #endif without #if
831016b.c:16:5: error: too many arguments to function ‘lcd_setstatus’
2db384a.c:24:24: error: ‘false’ undeclared (first use in this function)
collect2: error: ld returned 1 exit status
7336e6d.c.runtimeFailure
collect2: error: ld returned 1 exit status
collect2: error: ld returned 1 exit status
831016b.c:10:2: error: #endif without #if
831016b.c:16:5: error: too many arguments to function ‘lcd_setstatus’
2db384a.c:24:24: error: ‘false’ undeclared (first use in this function)
collect2: error: ld returned 1 exit status
8c4377d.c.succes
b8e79dc.c.succes
fdac8f6.c.succes
