---Configuration: -DDELTA -DENABLE_AUTO_BED_LEVELING -DENCODER_RATE_MULTIPLIER -DHAS_HEATER_THERMAL_PROTECTION -DMARLIN_H -DPIDTEMP -DTEMP_RESIDENCY_TIME=32 -DZ_DUAL_ENDSTOPS -DZ_DUAL_STEPPER_DRIVERS,Start_Time:1511741887.16897

/tmp/ccKy3c1Z.o: In function `main':
3024821.c:(.text+0x4e): undefined reference to `thermal_runaway_protection'
collect2: error: ld returned 1 exit status
53be0f3.c:1:122: fatal error: util/delay.h: No such file or directory
 #include <util/delay.h> // http://download.savannah.gnu.org/releases/avr-libc/binary-releases/ for the util/delay library
                                                                                                                          ^
compilation terminated.
831016b.c:10:2: error: #endif without #if
 #endif
  ^
/tmp/ccZk8E5d.o: In function `main':
a7fc1f8.c:(.text+0x1a): undefined reference to `cardreader'
collect2: error: ld returned 1 exit status
2db384a.c:11:27: error: unknown type name ‘bool’
 void Config_PrintSettings(bool forReplay){
                           ^
2db384a.c: In function ‘main’:
2db384a.c:24:24: error: ‘false’ undeclared (first use in this function)
   Config_PrintSettings(false);
                        ^
2db384a.c:24:24: note: each undeclared identifier is reported only once for each function it appears in
/tmp/ccD1Wtpt.o: In function `main':
31873ec.c:(.text+0x28): undefined reference to `ftostr51'
collect2: error: ld returned 1 exit status
7336e6d.c: In function ‘function’:
7336e6d.c:44:10: error: ‘old_z_max_endstop’ undeclared (first use in this function)
     if (!old_z_max_endstop && !locked_z_motor) WRITE;
          ^
7336e6d.c:44:10: note: each undeclared identifier is reported only once for each function it appears in

---Test Completed, Total Time:0.723---

