---Configuration: -DAUTO_BED_LEVELING_GRID -DDISABLE_M503 -DENABLE_AUTO_BED_LEVELING -DMARLIN_H -DMESH_BED_LEVELING -DTEMP_RESIDENCY_TIME=64 -DTHERMAL_RUNAWAY_PROTECTION_PERIOD=-1 -DZ_DUAL_ENDSTOPS,Start_Time:1511742247.45054

/tmp/ccFaWp5e.o: In function `main':
3024821.c:(.text+0x4e): undefined reference to `thermal_runaway_protection'
collect2: error: ld returned 1 exit status
53be0f3.c:1:122: fatal error: util/delay.h: No such file or directory
 #include <util/delay.h> // http://download.savannah.gnu.org/releases/avr-libc/binary-releases/ for the util/delay library
                                                                                                                          ^
compilation terminated.
831016b.c:10:2: error: #endif without #if
 #endif
  ^
/tmp/ccZVXpcr.o: In function `main':
a7fc1f8.c:(.text+0x1a): undefined reference to `cardreader'
collect2: error: ld returned 1 exit status
2db384a.c: In function ‘main’:
2db384a.c:24:24: error: ‘false’ undeclared (first use in this function)
   Config_PrintSettings(false);
                        ^
2db384a.c:24:24: note: each undeclared identifier is reported only once for each function it appears in
/tmp/ccJAbX3G.o: In function `main':
31873ec.c:(.text+0x28): undefined reference to `ftostr51'
collect2: error: ld returned 1 exit status

---Test Completed, Total Time:0.762---

