---Configuration: -DAUTO_BED_LEVELING -DDELTA -DENCODER_RATE_MULTIPLIER -DMESH_BED_LEVELING -DPID_DEBUG -DPIDTEMP -DTEMP_RESIDENCY_TIME=64 -DTEMP_SENSOR_0=1 -DZ_DUAL_STEPPER_DRIVERS,Start_Time:1511742066.40481

/tmp/ccbaSn66.o: In function `main':
3024821.c:(.text+0x4e): undefined reference to `thermal_runaway_protection'
collect2: error: ld returned 1 exit status
53be0f3.c:1:122: fatal error: util/delay.h: No such file or directory
 #include <util/delay.h> // http://download.savannah.gnu.org/releases/avr-libc/binary-releases/ for the util/delay library
                                                                                                                          ^
compilation terminated.
831016b.c:10:2: error: #endif without #if
 #endif
  ^
/tmp/cczamSzl.o: In function `main':
a7fc1f8.c:(.text+0x1a): undefined reference to `cardreader'
collect2: error: ld returned 1 exit status
2db384a.c:11:27: error: unknown type name ‘bool’
 void Config_PrintSettings(bool forReplay){
                           ^
2db384a.c: In function ‘main’:
2db384a.c:24:24: error: ‘false’ undeclared (first use in this function)
   Config_PrintSettings(false);
                        ^
2db384a.c:24:24: note: each undeclared identifier is reported only once for each function it appears in
/tmp/ccI4ol6C.o: In function `main':
31873ec.c:(.text+0x28): undefined reference to `ftostr51'
collect2: error: ld returned 1 exit status
7336e6d.c: In function ‘function’:
7336e6d.c:44:10: error: ‘old_z_max_endstop’ undeclared (first use in this function)
     if (!old_z_max_endstop && !locked_z_motor) WRITE;
          ^
7336e6d.c:44:10: note: each undeclared identifier is reported only once for each function it appears in
8c4377d.c: In function ‘manage_heater’:
8c4377d.c:3:27: error: called object is not a function or function pointer
 #define SERIAL_ECHO_START (serialprint(echomagic))
                           ^
8c4377d.c:16:2: note: in expansion of macro ‘SERIAL_ECHO_START’
  SERIAL_ECHO_START(" PIDDEBUG "); // ERROR
  ^
fdac8f6.c: In function ‘Config_ResetDefault’:
fdac8f6.c:9:20: error: ‘Z_PROBE_OFFSET_FROM_EXTRUDER’ undeclared (first use in this function)
  zprobe_zoffset = -Z_PROBE_OFFSET_FROM_EXTRUDER; // ERROR
                    ^
fdac8f6.c:9:20: note: each undeclared identifier is reported only once for each function it appears in

---Test Completed, Total Time:0.664---

