2d22902.c.ctf
collect2: error: ld returned 1 exit status
3024821.c.runtimeFailure
collect2: error: ld returned 1 exit status
53be0f3.c.ctf
collect2: error: ld returned 1 exit status
831016b.c.ctf
collect2: error: ld returned 1 exit status
831016b.c:10:2: error: #endif without #if
a7fc1f8.c.succes
e30bfed.c.succes
fc3c76f.c.ctf
collect2: error: ld returned 1 exit status
831016b.c:10:2: error: #endif without #if
fc3c76f.c:11:12: error: unknown type name ‘TRState’
2db384a.c.ctf
collect2: error: ld returned 1 exit status
831016b.c:10:2: error: #endif without #if
fc3c76f.c:11:12: error: unknown type name ‘TRState’
2db384a.c:24:24: error: ‘false’ undeclared (first use in this function)
31873ec.c.ctf
collect2: error: ld returned 1 exit status
831016b.c:10:2: error: #endif without #if
fc3c76f.c:11:12: error: unknown type name ‘TRState’
2db384a.c:24:24: error: ‘false’ undeclared (first use in this function)
31873ec.c:7:3: error: unknown type name ‘int16_t’
31873ec.c:8:3: error: ‘conv’ undeclared (first use in this function)
7336e6d.c.runtimeFailure
collect2: error: ld returned 1 exit status
831016b.c:10:2: error: #endif without #if
fc3c76f.c:11:12: error: unknown type name ‘TRState’
2db384a.c:24:24: error: ‘false’ undeclared (first use in this function)
31873ec.c:7:3: error: unknown type name ‘int16_t’
31873ec.c:8:3: error: ‘conv’ undeclared (first use in this function)
8c4377d.c.succes
b8e79dc.c.ctf
collect2: error: ld returned 1 exit status
831016b.c:10:2: error: #endif without #if
fc3c76f.c:11:12: error: unknown type name ‘TRState’
2db384a.c:24:24: error: ‘false’ undeclared (first use in this function)
31873ec.c:7:3: error: unknown type name ‘int16_t’
31873ec.c:8:3: error: ‘conv’ undeclared (first use in this function)
collect2: error: ld returned 1 exit status
fdac8f6.c.ctf
collect2: error: ld returned 1 exit status
831016b.c:10:2: error: #endif without #if
fc3c76f.c:11:12: error: unknown type name ‘TRState’
2db384a.c:24:24: error: ‘false’ undeclared (first use in this function)
31873ec.c:7:3: error: unknown type name ‘int16_t’
31873ec.c:8:3: error: ‘conv’ undeclared (first use in this function)
collect2: error: ld returned 1 exit status
fdac8f6.c:9:20: error: ‘Z_PROBE_OFFSET_FROM_EXTRUDER’ undeclared (first use in this function)
