---Configuration: -DAUTO_BED_LEVELING -DDELTA -DENABLE_AUTO_BED_LEVELING -DHAS_HEATER_THERMAL_PROTECTION -DMARLIN_H -DPID_DEBUG -DSDSUPPORT -DTEMP_RESIDENCY_TIME=30 -DTHERMAL_RUNAWAY_PROTECTION_PERIOD=1 -DZ_DUAL_STEPPER_DRIVERS,Start_Time:1511740241.55321

/tmp/cc71RsfV.o: In function `process_commands':
2d22902.c:(.text+0x5a): undefined reference to `assert'
collect2: error: ld returned 1 exit status
53be0f3.c:1:122: fatal error: util/delay.h: No such file or directory
 #include <util/delay.h> // http://download.savannah.gnu.org/releases/avr-libc/binary-releases/ for the util/delay library
                                                                                                                          ^
compilation terminated.
831016b.c:10:2: error: #endif without #if
 #endif
  ^
831016b.c: In function ‘getCode’:
831016b.c:16:5: error: too many arguments to function ‘lcd_setstatus’
     lcd_setstatus(time, true); // ERROR
     ^
831016b.c:7:7: note: declared here
  void lcd_setstatus(const char* message) {};
       ^
2db384a.c:11:27: error: unknown type name ‘bool’
 void Config_PrintSettings(bool forReplay){
                           ^
2db384a.c: In function ‘main’:
2db384a.c:24:24: error: ‘false’ undeclared (first use in this function)
   Config_PrintSettings(false);
                        ^
2db384a.c:24:24: note: each undeclared identifier is reported only once for each function it appears in
/tmp/ccmCQf5s.o: In function `main':
31873ec.c:(.text+0x28): undefined reference to `ftostr51'
collect2: error: ld returned 1 exit status
7336e6d.c: In function ‘function’:
7336e6d.c:44:10: error: ‘old_z_max_endstop’ undeclared (first use in this function)
     if (!old_z_max_endstop && !locked_z_motor) WRITE;
          ^
7336e6d.c:44:10: note: each undeclared identifier is reported only once for each function it appears in

---Test Completed, Total Time:0.704---

