2d22902.c.succes
3024821.c.runtimeFailure
53be0f3.c.ctf
831016b.c.ctf
831016b.c:10:2: error: #endif without #if
a7fc1f8.c.ctf
831016b.c:10:2: error: #endif without #if
collect2: error: ld returned 1 exit status
e30bfed.c.succes
fc3c76f.c.succes
2db384a.c.ctf
831016b.c:10:2: error: #endif without #if
collect2: error: ld returned 1 exit status
2db384a.c:11:27: error: unknown type name ‘bool’
2db384a.c:24:24: error: ‘false’ undeclared (first use in this function)
31873ec.c.ctf
831016b.c:10:2: error: #endif without #if
collect2: error: ld returned 1 exit status
2db384a.c:11:27: error: unknown type name ‘bool’
2db384a.c:24:24: error: ‘false’ undeclared (first use in this function)
31873ec.c:7:3: error: unknown type name ‘int16_t’
31873ec.c:8:3: error: ‘conv’ undeclared (first use in this function)
7336e6d.c.ctf
831016b.c:10:2: error: #endif without #if
collect2: error: ld returned 1 exit status
2db384a.c:11:27: error: unknown type name ‘bool’
2db384a.c:24:24: error: ‘false’ undeclared (first use in this function)
31873ec.c:7:3: error: unknown type name ‘int16_t’
31873ec.c:8:3: error: ‘conv’ undeclared (first use in this function)
7336e6d.c:44:10: error: ‘old_z_max_endstop’ undeclared (first use in this function)
8c4377d.c.ctf
831016b.c:10:2: error: #endif without #if
collect2: error: ld returned 1 exit status
2db384a.c:11:27: error: unknown type name ‘bool’
2db384a.c:24:24: error: ‘false’ undeclared (first use in this function)
31873ec.c:7:3: error: unknown type name ‘int16_t’
31873ec.c:8:3: error: ‘conv’ undeclared (first use in this function)
7336e6d.c:44:10: error: ‘old_z_max_endstop’ undeclared (first use in this function)
8c4377d.c:3:27: error: called object is not a function or function pointer
b8e79dc.c.ctf
831016b.c:10:2: error: #endif without #if
collect2: error: ld returned 1 exit status
2db384a.c:11:27: error: unknown type name ‘bool’
2db384a.c:24:24: error: ‘false’ undeclared (first use in this function)
31873ec.c:7:3: error: unknown type name ‘int16_t’
31873ec.c:8:3: error: ‘conv’ undeclared (first use in this function)
7336e6d.c:44:10: error: ‘old_z_max_endstop’ undeclared (first use in this function)
8c4377d.c:3:27: error: called object is not a function or function pointer
collect2: error: ld returned 1 exit status
fdac8f6.c.succes
