---Configuration: -DBABYSTEPPING -DDISABLE_M503 -DENABLE_AUTO_BED_LEVELING -DHAS_BED_THERMAL_PROTECTION -DMARLIN_H -DPID_DEBUG -DPIDTEMP -DTHERMAL_RUNAWAY_PROTECTION_PERIOD=0 -DZ_DUAL_ENDSTOPS,Start_Time:1511741840.06593

/tmp/ccsn8XOU.o: In function `main':
3024821.c:(.text+0x4e): undefined reference to `thermal_runaway_protection'
collect2: error: ld returned 1 exit status
53be0f3.c:1:122: fatal error: util/delay.h: No such file or directory
 #include <util/delay.h> // http://download.savannah.gnu.org/releases/avr-libc/binary-releases/ for the util/delay library
                                                                                                                          ^
compilation terminated.
831016b.c:10:2: error: #endif without #if
 #endif
  ^
/tmp/ccKmTAE3.o: In function `main':
a7fc1f8.c:(.text+0x1a): undefined reference to `cardreader'
collect2: error: ld returned 1 exit status
fc3c76f.c:11:12: error: unknown type name ‘TRState’
     static TRState thermal_runaway_bed_state_machine = { TRInactive, TRInactive, TRInactive, TRInactive };
            ^
2db384a.c: In function ‘main’:
2db384a.c:24:24: error: ‘false’ undeclared (first use in this function)
   Config_PrintSettings(false);
                        ^
2db384a.c:24:24: note: each undeclared identifier is reported only once for each function it appears in
/tmp/ccKpCruj.o: In function `main':
31873ec.c:(.text+0x28): undefined reference to `ftostr51'
collect2: error: ld returned 1 exit status
/tmp/ccO6xDgu.o: In function `manage_heater':
8c4377d.c:(.text+0x23): undefined reference to `SERIAL_ECHO_START'
collect2: error: ld returned 1 exit status

---Test Completed, Total Time:0.726---

