---Configuration: -DAUTO_BED_LEVELING -DBABYSTEPPING -DDISABLE_M503 -DENABLE_AUTO_BED_LEVELING -DHAS_BED_THERMAL_PROTECTION -DMARLIN_H -DMESH_BED_LEVELING -DPID_DEBUG -DPIDTEMP -DSDSUPPORT -DTEMP_RESIDENCY_TIME=32 -DTEMP_SENSOR_0=1 -DTHERMAL_RUNAWAY_PROTECTION_PERIOD=1 -DULTRA_LCD -DZ_DUAL_ENDSTOPS,Start_Time:1511741823.88068

/tmp/cc5Xx2Q3.o: In function `process_commands':
2d22902.c:(.text+0x5a): undefined reference to `assert'
collect2: error: ld returned 1 exit status
53be0f3.c:1:122: fatal error: util/delay.h: No such file or directory
 #include <util/delay.h> // http://download.savannah.gnu.org/releases/avr-libc/binary-releases/ for the util/delay library
                                                                                                                          ^
compilation terminated.
831016b.c:10:2: error: #endif without #if
 #endif
  ^
fc3c76f.c:11:12: error: unknown type name ‘TRState’
     static TRState thermal_runaway_bed_state_machine = { TRInactive, TRInactive, TRInactive, TRInactive };
            ^
2db384a.c: In function ‘main’:
2db384a.c:24:24: error: ‘false’ undeclared (first use in this function)
   Config_PrintSettings(false);
                        ^
2db384a.c:24:24: note: each undeclared identifier is reported only once for each function it appears in
31873ec.c: In function ‘ftostr51’:
31873ec.c:7:3: error: unknown type name ‘int16_t’
   int16_t xx=x*10;
   ^
31873ec.c:8:3: error: ‘conv’ undeclared (first use in this function)
   conv[0]=(xx>=0)?'+':'-';
   ^
31873ec.c:8:3: note: each undeclared identifier is reported only once for each function it appears in
/tmp/ccEGPIgt.o: In function `manage_heater':
8c4377d.c:(.text+0x23): undefined reference to `SERIAL_ECHO_START'
collect2: error: ld returned 1 exit status
/tmp/ccu16t6x.o: In function `lcd_tune_menu':
b8e79dc.c:(.text+0x24): undefined reference to `MENU_MULTIPLIER_ITEM_EDIT'
collect2: error: ld returned 1 exit status

---Test Completed, Total Time:0.622---

