---Configuration: -DENCODER_RATE_MULTIPLIER -DHAS_BED_THERMAL_PROTECTION -DMARLIN_H -DPID_DEBUG -DPIDTEMP -DSDSUPPORT -DTEMP_RESIDENCY_TIME=64 -DTEMP_SENSOR_0=0 -DTHERMAL_RUNAWAY_PROTECTION_PERIOD=1 -DZ_DUAL_ENDSTOPS,Start_Time:1511741541.22628

/tmp/ccjPN9Qv.o: In function `process_commands':
2d22902.c:(.text+0x5a): undefined reference to `assert'
collect2: error: ld returned 1 exit status
53be0f3.c:1:122: fatal error: util/delay.h: No such file or directory
 #include <util/delay.h> // http://download.savannah.gnu.org/releases/avr-libc/binary-releases/ for the util/delay library
                                                                                                                          ^
compilation terminated.
831016b.c:10:2: error: #endif without #if
 #endif
  ^
831016b.c: In function ‘getCode’:
831016b.c:16:5: error: too many arguments to function ‘lcd_setstatus’
     lcd_setstatus(time, true); // ERROR
     ^
831016b.c:7:7: note: declared here
  void lcd_setstatus(const char* message) {};
       ^
fc3c76f.c:11:12: error: unknown type name ‘TRState’
     static TRState thermal_runaway_bed_state_machine = { TRInactive, TRInactive, TRInactive, TRInactive };
            ^
2db384a.c:11:27: error: unknown type name ‘bool’
 void Config_PrintSettings(bool forReplay){
                           ^
2db384a.c: In function ‘main’:
2db384a.c:24:24: error: ‘false’ undeclared (first use in this function)
   Config_PrintSettings(false);
                        ^
2db384a.c:24:24: note: each undeclared identifier is reported only once for each function it appears in
/tmp/ccbMtG4Z.o: In function `main':
31873ec.c:(.text+0x28): undefined reference to `ftostr51'
collect2: error: ld returned 1 exit status
/tmp/cclFQ2ce.o: In function `manage_heater':
8c4377d.c:(.text+0x23): undefined reference to `SERIAL_ECHO_START'
collect2: error: ld returned 1 exit status
fdac8f6.c: In function ‘Config_ResetDefault’:
fdac8f6.c:9:20: error: ‘Z_PROBE_OFFSET_FROM_EXTRUDER’ undeclared (first use in this function)
  zprobe_zoffset = -Z_PROBE_OFFSET_FROM_EXTRUDER; // ERROR
                    ^
fdac8f6.c:9:20: note: each undeclared identifier is reported only once for each function it appears in

---Test Completed, Total Time:0.729---

