---Configuration: -DAUTO_BED_LEVELING_GRID -DDISABLE_M503 -DMARLIN_H -DPID_DEBUG -DTEMP_RESIDENCY_TIME=30 -DTEMP_SENSOR_0=0 -DTHERMAL_RUNAWAY_PROTECTION_PERIOD=1 -DULTRA_LCD,Start_Time:1511741493.98227

53be0f3.c:1:122: fatal error: util/delay.h: No such file or directory
 #include <util/delay.h> // http://download.savannah.gnu.org/releases/avr-libc/binary-releases/ for the util/delay library
                                                                                                                          ^
compilation terminated.
831016b.c:10:2: error: #endif without #if
 #endif
  ^
/tmp/ccaDUlVv.o: In function `main':
a7fc1f8.c:(.text+0x1a): undefined reference to `cardreader'
collect2: error: ld returned 1 exit status
2db384a.c: In function ‘main’:
2db384a.c:24:24: error: ‘false’ undeclared (first use in this function)
   Config_PrintSettings(false);
                        ^
2db384a.c:24:24: note: each undeclared identifier is reported only once for each function it appears in
31873ec.c: In function ‘ftostr51’:
31873ec.c:7:3: error: unknown type name ‘int16_t’
   int16_t xx=x*10;
   ^
31873ec.c:8:3: error: ‘conv’ undeclared (first use in this function)
   conv[0]=(xx>=0)?'+':'-';
   ^
31873ec.c:8:3: note: each undeclared identifier is reported only once for each function it appears in
fdac8f6.c: In function ‘Config_ResetDefault’:
fdac8f6.c:9:20: error: ‘Z_PROBE_OFFSET_FROM_EXTRUDER’ undeclared (first use in this function)
  zprobe_zoffset = -Z_PROBE_OFFSET_FROM_EXTRUDER; // ERROR
                    ^
fdac8f6.c:9:20: note: each undeclared identifier is reported only once for each function it appears in

---Test Completed, Total Time:0.706---

