2d22902.c.ctf
collect2: error: ld returned 1 exit status
3024821.c.runtimeFailure
collect2: error: ld returned 1 exit status
53be0f3.c.ctf
collect2: error: ld returned 1 exit status
831016b.c.ctf
collect2: error: ld returned 1 exit status
831016b.c:10:2: error: #endif without #if
831016b.c:16:5: error: too many arguments to function ‘lcd_setstatus’
a7fc1f8.c.succes
e30bfed.c.succes
fc3c76f.c.ctf
collect2: error: ld returned 1 exit status
831016b.c:10:2: error: #endif without #if
831016b.c:16:5: error: too many arguments to function ‘lcd_setstatus’
fc3c76f.c:11:12: error: unknown type name ‘TRState’
2db384a.c.ctf
collect2: error: ld returned 1 exit status
831016b.c:10:2: error: #endif without #if
831016b.c:16:5: error: too many arguments to function ‘lcd_setstatus’
fc3c76f.c:11:12: error: unknown type name ‘TRState’
2db384a.c:11:27: error: unknown type name ‘bool’
2db384a.c:24:24: error: ‘false’ undeclared (first use in this function)
31873ec.c.ctf
collect2: error: ld returned 1 exit status
831016b.c:10:2: error: #endif without #if
831016b.c:16:5: error: too many arguments to function ‘lcd_setstatus’
fc3c76f.c:11:12: error: unknown type name ‘TRState’
2db384a.c:11:27: error: unknown type name ‘bool’
2db384a.c:24:24: error: ‘false’ undeclared (first use in this function)
collect2: error: ld returned 1 exit status
7336e6d.c.runtimeFailure
collect2: error: ld returned 1 exit status
831016b.c:10:2: error: #endif without #if
831016b.c:16:5: error: too many arguments to function ‘lcd_setstatus’
fc3c76f.c:11:12: error: unknown type name ‘TRState’
2db384a.c:11:27: error: unknown type name ‘bool’
2db384a.c:24:24: error: ‘false’ undeclared (first use in this function)
collect2: error: ld returned 1 exit status
8c4377d.c.ctf
collect2: error: ld returned 1 exit status
831016b.c:10:2: error: #endif without #if
831016b.c:16:5: error: too many arguments to function ‘lcd_setstatus’
fc3c76f.c:11:12: error: unknown type name ‘TRState’
2db384a.c:11:27: error: unknown type name ‘bool’
2db384a.c:24:24: error: ‘false’ undeclared (first use in this function)
collect2: error: ld returned 1 exit status
collect2: error: ld returned 1 exit status
b8e79dc.c.succes
fdac8f6.c.ctf
collect2: error: ld returned 1 exit status
831016b.c:10:2: error: #endif without #if
831016b.c:16:5: error: too many arguments to function ‘lcd_setstatus’
fc3c76f.c:11:12: error: unknown type name ‘TRState’
2db384a.c:11:27: error: unknown type name ‘bool’
2db384a.c:24:24: error: ‘false’ undeclared (first use in this function)
collect2: error: ld returned 1 exit status
collect2: error: ld returned 1 exit status
fdac8f6.c:9:20: error: ‘Z_PROBE_OFFSET_FROM_EXTRUDER’ undeclared (first use in this function)
