---Configuration: -DAUTO_BED_LEVELING -DAUTO_BED_LEVELING_GRID -DDELTA -DMARLIN_H -DMESH_BED_LEVELING -DPID_DEBUG -DPIDTEMP -DTEMP_RESIDENCY_TIME=32 -DTHERMAL_RUNAWAY_PROTECTION_PERIOD=0 -DZ_DUAL_STEPPER_DRIVERS,Start_Time:1511741755.0503

/tmp/ccO6ZN4S.o: In function `main':
3024821.c:(.text+0x4e): undefined reference to `thermal_runaway_protection'
collect2: error: ld returned 1 exit status
53be0f3.c:1:122: fatal error: util/delay.h: No such file or directory
 #include <util/delay.h> // http://download.savannah.gnu.org/releases/avr-libc/binary-releases/ for the util/delay library
                                                                                                                          ^
compilation terminated.
831016b.c:10:2: error: #endif without #if
 #endif
  ^
/tmp/ccKbwL82.o: In function `main':
a7fc1f8.c:(.text+0x1a): undefined reference to `cardreader'
collect2: error: ld returned 1 exit status
2db384a.c:11:27: error: unknown type name ‘bool’
 void Config_PrintSettings(bool forReplay){
                           ^
2db384a.c: In function ‘main’:
2db384a.c:24:24: error: ‘false’ undeclared (first use in this function)
   Config_PrintSettings(false);
                        ^
2db384a.c:24:24: note: each undeclared identifier is reported only once for each function it appears in
/tmp/cc5gUJGh.o: In function `main':
31873ec.c:(.text+0x28): undefined reference to `ftostr51'
collect2: error: ld returned 1 exit status
7336e6d.c: In function ‘function’:
7336e6d.c:44:10: error: ‘old_z_max_endstop’ undeclared (first use in this function)
     if (!old_z_max_endstop && !locked_z_motor) WRITE;
          ^
7336e6d.c:44:10: note: each undeclared identifier is reported only once for each function it appears in
/tmp/ccODbMNk.o: In function `manage_heater':
8c4377d.c:(.text+0x23): undefined reference to `SERIAL_ECHO_START'
collect2: error: ld returned 1 exit status
fdac8f6.c: In function ‘Config_ResetDefault’:
fdac8f6.c:9:20: error: ‘Z_PROBE_OFFSET_FROM_EXTRUDER’ undeclared (first use in this function)
  zprobe_zoffset = -Z_PROBE_OFFSET_FROM_EXTRUDER; // ERROR
                    ^
fdac8f6.c:9:20: note: each undeclared identifier is reported only once for each function it appears in

---Test Completed, Total Time:0.564---

