---Configuration: -DAUTO_BED_LEVELING -DDISABLE_M503 -DENABLE_AUTO_BED_LEVELING -DENCODER_RATE_MULTIPLIER -DHAS_BED_THERMAL_PROTECTION -DHAS_HEATER_THERMAL_PROTECTION -DMARLIN_H -DPID_DEBUG -DPIDTEMP -DSDSUPPORT -DTEMP_SENSOR_0=0 -DTHERMAL_RUNAWAY_PROTECTION_PERIOD=1 -DZ_DUAL_ENDSTOPS,Start_Time:1511742279.00727

/tmp/ccj4MhC0.o: In function `process_commands':
2d22902.c:(.text+0x5a): undefined reference to `assert'
collect2: error: ld returned 1 exit status
53be0f3.c:1:122: fatal error: util/delay.h: No such file or directory
 #include <util/delay.h> // http://download.savannah.gnu.org/releases/avr-libc/binary-releases/ for the util/delay library
                                                                                                                          ^
compilation terminated.
831016b.c:10:2: error: #endif without #if
 #endif
  ^
831016b.c: In function ‘getCode’:
831016b.c:16:5: error: too many arguments to function ‘lcd_setstatus’
     lcd_setstatus(time, true); // ERROR
     ^
831016b.c:7:7: note: declared here
  void lcd_setstatus(const char* message) {};
       ^
fc3c76f.c:11:12: error: unknown type name ‘TRState’
     static TRState thermal_runaway_bed_state_machine = { TRInactive, TRInactive, TRInactive, TRInactive };
            ^
2db384a.c: In function ‘main’:
2db384a.c:24:24: error: ‘false’ undeclared (first use in this function)
   Config_PrintSettings(false);
                        ^
2db384a.c:24:24: note: each undeclared identifier is reported only once for each function it appears in
/tmp/cclHvznx.o: In function `main':
31873ec.c:(.text+0x28): undefined reference to `ftostr51'
collect2: error: ld returned 1 exit status
/tmp/ccPlWfYH.o: In function `manage_heater':
8c4377d.c:(.text+0x23): undefined reference to `SERIAL_ECHO_START'
collect2: error: ld returned 1 exit status

---Test Completed, Total Time:0.740---

