---Configuration: -DBABYSTEPPING -DDELTA -DDISABLE_M503 -DENABLE_AUTO_BED_LEVELING -DENCODER_RATE_MULTIPLIER -DHAS_BED_THERMAL_PROTECTION -DPID_DEBUG -DPIDTEMP -DTEMP_RESIDENCY_TIME=32 -DTEMP_SENSOR_0=1 -DTHERMAL_RUNAWAY_PROTECTION_PERIOD=0,Start_Time:1511741841.44446

/tmp/cc3aujhs.o: In function `main':
3024821.c:(.text+0x4e): undefined reference to `thermal_runaway_protection'
collect2: error: ld returned 1 exit status
53be0f3.c:1:122: fatal error: util/delay.h: No such file or directory
 #include <util/delay.h> // http://download.savannah.gnu.org/releases/avr-libc/binary-releases/ for the util/delay library
                                                                                                                          ^
compilation terminated.
831016b.c:10:2: error: #endif without #if
 #endif
  ^
/tmp/ccBhQWcE.o: In function `main':
a7fc1f8.c:(.text+0x1a): undefined reference to `cardreader'
collect2: error: ld returned 1 exit status
fc3c76f.c:11:12: error: unknown type name ‘TRState’
     static TRState thermal_runaway_bed_state_machine = { TRInactive, TRInactive, TRInactive, TRInactive };
            ^
2db384a.c: In function ‘main’:
2db384a.c:24:24: error: ‘false’ undeclared (first use in this function)
   Config_PrintSettings(false);
                        ^
2db384a.c:24:24: note: each undeclared identifier is reported only once for each function it appears in
/tmp/ccylELz4.o: In function `main':
31873ec.c:(.text+0x28): undefined reference to `ftostr51'
collect2: error: ld returned 1 exit status
8c4377d.c: In function ‘manage_heater’:
8c4377d.c:3:27: error: called object is not a function or function pointer
 #define SERIAL_ECHO_START (serialprint(echomagic))
                           ^
8c4377d.c:16:2: note: in expansion of macro ‘SERIAL_ECHO_START’
  SERIAL_ECHO_START(" PIDDEBUG "); // ERROR
  ^

---Test Completed, Total Time:0.925---

